<?xml version="1.0" encoding="UTF-8"?>
<!-- Generated by org.testng.reporters.JUnitReportReporter -->
<testsuite skipped="0" hostname="cvasanthi-lp" name="com.ecart.test.ProductPageTestCases" tests="4" failures="0" timestamp="2020-04-27T11:55:40 IST" time="140.712" errors="0">
  <testcase name="validateProductDesciptionPageForSingleItemInCart" time="40.703" classname="com.ecart.test.ProductPageTestCases"/>
  <system-out/>
  <testcase name="validateProductDescriptionPageforPrinteddress" time="38.274" classname="com.ecart.test.ProductPageTestCases"/>
  <system-out/>
  <testcase name="validateProductiondescriptionpagefortshirtitem" time="30.868" classname="com.ecart.test.ProductPageTestCases"/>
  <system-out/>
  <testcase name="validateProductiondescriptionpageforPrintedChiffondress" time="30.867" classname="com.ecart.test.ProductPageTestCases"/>
  <system-out/>
</testsuite> <!-- com.ecart.test.ProductPageTestCases -->
