<?xml version="1.0" encoding="UTF-8"?>
<!-- Generated by org.testng.reporters.JUnitReportReporter -->
<testsuite skipped="0" hostname="cvasanthi-lp" name="com.ecart.test.SearchPageTestCases" tests="7" failures="0" timestamp="2020-04-18T15:20:20 IST" time="187.455" errors="0">
  <testcase name="validatePageTitleTest" time="23.018" classname="com.ecart.test.SearchPageTestCases"/>
  <system-out/>
  <testcase name="validateSearchBoxWithValidItemsTest" time="26.913" classname="com.ecart.test.SearchPageTestCases"/>
  <system-out/>
  <testcase name="validateResultsMessageForInvalidItemsTest" time="30.372" classname="com.ecart.test.SearchPageTestCases"/>
  <system-out/>
  <testcase name="validateResultsMessageForNoItemsSearch" time="24.789" classname="com.ecart.test.SearchPageTestCases"/>
  <system-out/>
  <testcase name="validateTabsInSearchPage" time="27.009" classname="com.ecart.test.SearchPageTestCases"/>
  <system-out/>
  <testcase name="clickOnItemsNavigateToProductDescriptionPage" time="28.948" classname="com.ecart.test.SearchPageTestCases"/>
  <system-out/>
  <testcase name="validateShoppingCartEmpty" time="26.406" classname="com.ecart.test.SearchPageTestCases"/>
  <system-out/>
</testsuite> <!-- com.ecart.test.SearchPageTestCases -->
