<?xml version="1.0" encoding="UTF-8"?>
<!-- Generated by org.testng.reporters.JUnitReportReporter -->
<testsuite skipped="0" hostname="cvasanthi-lp" name="com.ecart.test.SummarypageTestCases" tests="5" failures="0" timestamp="2020-04-27T11:55:40 IST" time="282.938" errors="0">
  <testcase name="validatetabdisplayed" time="41.626" classname="com.ecart.test.SummarypageTestCases"/>
  <system-out/>
  <testcase name="validateQuanityOfItemsAndPricetotalsUpdateAfterRemoveAddItemsInShoppingCart" time="87.227" classname="com.ecart.test.SummarypageTestCases"/>
  <system-out/>
  <testcase name="validatePriceTotalsUpdateAfterAddItemaInShoppingCart" time="46.113" classname="com.ecart.test.SummarypageTestCases"/>
  <system-out/>
  <testcase name="validateSummaryPageForSingleItemInCart" time="35.316" classname="com.ecart.test.SummarypageTestCases"/>
  <system-out/>
  <testcase name="validateQuanityOfItemsUpdateForMoreItemsInSummaryPage" time="72.656" classname="com.ecart.test.SummarypageTestCases"/>
  <system-out/>
</testsuite> <!-- com.ecart.test.SummarypageTestCases -->
